Arguments: 
  /usr/local/Cellar/node@12/12.16.1/bin/node /usr/local/Cellar/yarn/1.22.4/libexec/bin/yarn.js add fs

PATH: 
  /usr/local/opt/node@12/bin:/usr/local/opt/php@5.6/sbin:/usr/local/opt/php@5.6/sbin:/usr/local/opt/php@5.6/bin:/usr/local/bin:/usr/bin:/bin:/usr/sbin:/sbin:/Library/Apple/usr/bin:/Library/Frameworks/Mono.framework/Versions/Current/Commands:/Applications/Wireshark.app/Contents/MacOS:/usr/local/opt/node@12/bin:/usr/local/opt/php@5.6/sbin:/usr/local/opt/php@5.6/bin

Yarn version: 
  1.22.4

Node version: 
  12.16.1

Platform: 
  darwin x64

Trace: 
  Error: http://registry.npm.chengfayun.net/fs/download/fs-0.0.1-security.tgz: Request failed "404 Not Found"
      at ResponseError.ExtendableBuiltin (/usr/local/Cellar/yarn/1.22.4/libexec/lib/cli.js:696:66)
      at new ResponseError (/usr/local/Cellar/yarn/1.22.4/libexec/lib/cli.js:802:124)
      at Request.<anonymous> (/usr/local/Cellar/yarn/1.22.4/libexec/lib/cli.js:67057:16)
      at Request.emit (events.js:311:20)
      at Request.module.exports.Request.onRequestResponse (/usr/local/Cellar/yarn/1.22.4/libexec/lib/cli.js:141625:10)
      at ClientRequest.emit (events.js:311:20)
      at HTTPParser.parserOnIncomingClient [as onIncoming] (_http_client.js:603:27)
      at HTTPParser.parserOnHeadersComplete (_http_common.js:119:17)
      at Socket.socketOnData (_http_client.js:476:22)
      at Socket.emit (events.js:311:20)

npm manifest: 
  {
    "name": "suo-blog",
    "version": "1.0.0",
    "main": "index.js",
    "repository": "https://github.com/suoyuesmile/suo-blog.git",
    "author": "shaosuo <suoyuesmile@163.com>",
    "license": "MIT",
    "dependencies": {
      "formidable": "^1.2.2"
    }
  }

yarn manifest: 
  No manifest

Lockfile: 
  # THIS IS AN AUTOGENERATED FILE. DO NOT EDIT THIS FILE DIRECTLY.
  # yarn lockfile v1
  
  
  formidable@^1.2.2:
    version "1.2.2"
    resolved "http://registry.npm.chengfayun.net/formidable/download/formidable-1.2.2.tgz#bf69aea2972982675f00865342b982986f6b8dd9"
    integrity sha1-v2muopcpgmdfAIZTQrmCmG9rjdk=
